[33m[nodemon] 1.9.0[39m
[33m[nodemon] to restart at any time, enter `rs`[39m
[33m[nodemon] watching: *.*[39m
[32m[nodemon] starting `node server.js`[39m
[0mOPTIONS /api/getUserNetworks [32m200 [0m14.445 ms - 3[0m
[0mGET /api/getUserNetworks [36m304 [0m94.583 ms - -[0m
[0mOPTIONS /api/getUserNetworks [32m200 [0m2.147 ms - 3[0m
[0mGET /api/getUserNetworks [36m304 [0m14.396 ms - -[0m
[0mOPTIONS /api/getUserNetworks [32m200 [0m0.794 ms - 3[0m
[0mGET /api/getUserNetworks [36m304 [0m17.758 ms - -[0m
[0mOPTIONS /api/getUserNetworks [32m200 [0m5.718 ms - 3[0m
[0mGET /api/getUserNetworks [36m304 [0m28.573 ms - -[0m
[0mOPTIONS /api/getUserNetworks [32m200 [0m2.628 ms - 3[0m
[0mGET /api/getUserNetworks [36m304 [0m13.727 ms - -[0m
[0mOPTIONS /api/getUserNetworks [32m200 [0m0.535 ms - 3[0m
[0mGET /api/getUserNetworks [36m304 [0m12.822 ms - -[0m
[0mOPTIONS /api/getUserNetworks [32m200 [0m0.680 ms - 3[0m
[0mGET /api/getUserNetworks [36m304 [0m14.844 ms - -[0m
[0mOPTIONS /api/getUserNetworks [32m200 [0m1.251 ms - 3[0m
[0mGET /api/getUserNetworks [36m304 [0m10.730 ms - -[0m
[0mOPTIONS /api/getUserNetworks [32m200 [0m0.711 ms - 3[0m
[0mGET /api/getUserNetworks [36m304 [0m11.465 ms - -[0m
[0mOPTIONS /api/getUserNetworks [32m200 [0m0.731 ms - 3[0m
[0mGET /api/getUserNetworks [36m304 [0m9.116 ms - -[0m
[0mOPTIONS /api/getUserNetworks [32m200 [0m0.722 ms - 3[0m
[0mGET /api/getUserNetworks [36m304 [0m10.321 ms - -[0m
[0mOPTIONS /api/getUserNetworks [32m200 [0m0.617 ms - 3[0m
[0mGET /api/getUserNetworks [36m304 [0m9.354 ms - -[0m
[0mOPTIONS /api/getUserNetworks [32m200 [0m0.638 ms - 3[0m
[0mGET /api/getUserNetworks [36m304 [0m6.865 ms - -[0m
[0mOPTIONS /api/getUserNetworks [32m200 [0m0.937 ms - 3[0m
[0mGET /api/getUserNetworks [36m304 [0m8.443 ms - -[0m
[0mOPTIONS /api/getUserNetworks [32m200 [0m3.284 ms - 3[0m
[0mGET /api/getUserNetworks [36m304 [0m9.698 ms - -[0m
[0mOPTIONS /api/getUserNetworks [32m200 [0m0.798 ms - 3[0m
[0mGET /api/getUserNetworks [36m304 [0m20.532 ms - -[0m
[0mOPTIONS /api/getUserNetworks [32m200 [0m0.802 ms - 3[0m
[0mGET /api/getUserNetworks [36m304 [0m15.785 ms - -[0m
[0mOPTIONS /api/getUserNetworks [32m200 [0m0.654 ms - 3[0m
[0mGET /api/getUserNetworks [36m304 [0m9.450 ms - -[0m
[0mGET /api/getUserNetworks [36m304 [0m8.268 ms - -[0m
[0mOPTIONS /api/getUserNetworks [32m200 [0m0.712 ms - 3[0m
[0mGET /api/getUserNetworks [36m304 [0m6.580 ms - -[0m
[0mOPTIONS /api/getUserNetworks [32m200 [0m0.764 ms - 3[0m
[0mGET /api/getUserNetworks [36m304 [0m7.578 ms - -[0m
[0mOPTIONS /api/getUserNetworks [32m200 [0m0.684 ms - 3[0m
[0mGET /api/getUserNetworks [36m304 [0m12.708 ms - -[0m
[0mOPTIONS /api/getUserNetworks [32m200 [0m1.364 ms - 3[0m
[0mGET /api/getUserNetworks [36m304 [0m7.479 ms - -[0m
[0mOPTIONS /api/getUserNetworks [32m200 [0m0.476 ms - 3[0m
[0mGET /api/getUserNetworks [36m304 [0m6.750 ms - -[0m
[0mOPTIONS /api/getUserNetworks [32m200 [0m0.638 ms - 3[0m
[0mGET /api/getUserNetworks [36m304 [0m9.163 ms - -[0m
[0mOPTIONS /api/getUserNetworks [32m200 [0m0.717 ms - 3[0m
[0mGET /api/getUserNetworks [36m304 [0m7.895 ms - -[0m
[0mOPTIONS /api/getUserNetworks [32m200 [0m0.625 ms - 3[0m
[0mGET /api/getUserNetworks [36m304 [0m5.676 ms - -[0m
[0mOPTIONS /api/getUserNetworks [32m200 [0m0.588 ms - 3[0m
[0mGET /api/getUserNetworks [36m304 [0m6.773 ms - -[0m
[0mOPTIONS /api/getUserNetworks [32m200 [0m0.516 ms - 3[0m
[0mGET /api/getUserNetworks [36m304 [0m7.424 ms - -[0m
[0mOPTIONS /api/getUserNetworks [32m200 [0m1.695 ms - 3[0m
[0mGET /api/getUserNetworks [36m304 [0m6.015 ms - -[0m
[0mOPTIONS /api/getUserNetworks [32m200 [0m2.380 ms - 3[0m
[0mGET /api/getUserNetworks [36m304 [0m7.482 ms - -[0m
[0mOPTIONS /api/getUserNetworks [32m200 [0m0.803 ms - 3[0m
[0mGET /api/getUserNetworks [36m304 [0m7.145 ms - -[0m
[0mOPTIONS /api/getUserNetworks [32m200 [0m0.817 ms - 3[0m
[0mGET /api/getUserNetworks [36m304 [0m12.649 ms - -[0m
[0mOPTIONS /api/getUserNetworks [32m200 [0m0.633 ms - 3[0m
[0mGET /api/getUserNetworks [36m304 [0m7.410 ms - -[0m
[0mOPTIONS /api/getUserNetworks [32m200 [0m0.786 ms - 3[0m
[0mGET /api/getUserNetworks [36m304 [0m10.770 ms - -[0m
[0mOPTIONS /api/getUserNetworks [32m200 [0m0.553 ms - 3[0m
[0mGET /api/getUserNetworks [36m304 [0m4.641 ms - -[0m
[0mOPTIONS /api/getUserNetworks [32m200 [0m0.618 ms - 3[0m
[0mGET /api/getUserNetworks [36m304 [0m5.513 ms - -[0m
[0mOPTIONS /api/getUserNetworks [32m200 [0m0.592 ms - 3[0m
[0mGET /api/getUserNetworks [36m304 [0m5.424 ms - -[0m
[0mOPTIONS /api/getUserNetworks [32m200 [0m0.486 ms - 3[0m
[0mGET /api/getUserNetworks [36m304 [0m4.394 ms - -[0m
[0mOPTIONS /api/getUserNetworks [32m200 [0m0.551 ms - 3[0m
[0mGET /api/getUserNetworks [36m304 [0m8.826 ms - -[0m
[0mGET /api/getUserNetworks [36m304 [0m5.682 ms - -[0m
[0mOPTIONS /api/getUserNetworks [32m200 [0m0.513 ms - 3[0m
[0mGET /api/getUserNetworks [36m304 [0m6.190 ms - -[0m
[0mGET /api/getUserNetworks [36m304 [0m10.560 ms - -[0m
[0mOPTIONS /api/getUserNetworks [32m200 [0m0.542 ms - 3[0m
[0mGET /api/getUserNetworks [36m304 [0m16.002 ms - -[0m
[0mGET /api/getUserNetworks [36m304 [0m7.355 ms - -[0m
[0mOPTIONS /api/getUserNetworks [32m200 [0m0.565 ms - 3[0m
[0mGET /api/getUserNetworks [36m304 [0m6.963 ms - -[0m
[0mOPTIONS /api/getUserNetworks [32m200 [0m0.767 ms - 3[0m
[0mGET /api/getUserNetworks [36m304 [0m5.170 ms - -[0m
[0mGET /api/getUserNetworks [36m304 [0m6.180 ms - -[0m
[0mOPTIONS /api/getUserNetworks [32m200 [0m0.527 ms - 3[0m
[0mGET /api/getUserNetworks [36m304 [0m5.659 ms - -[0m
[0mOPTIONS /api/getUserNetworks [32m200 [0m0.382 ms - 3[0m
[0mGET /api/getUserNetworks [36m304 [0m5.539 ms - -[0m
[0mOPTIONS /api/getUserNetworks [32m200 [0m0.613 ms - 3[0m
[0mGET /api/getUserNetworks [36m304 [0m5.072 ms - -[0m
[0mOPTIONS /api/getUserNetworks [32m200 [0m0.507 ms - 3[0m
[0mGET /api/getUserNetworks [36m304 [0m5.584 ms - -[0m
[0mOPTIONS /api/getUserNetworks [32m200 [0m0.537 ms - 3[0m
[0mGET /api/getUserNetworks [36m304 [0m4.498 ms - -[0m
[0mGET /api/getUserNetworks [36m304 [0m5.738 ms - -[0m
[0mGET /api/getUserNetworks [36m304 [0m19.014 ms - -[0m
[0mOPTIONS /api/getUserNetworks [32m200 [0m0.501 ms - 3[0m
[0mGET /api/getUserNetworks [36m304 [0m6.352 ms - -[0m
[0mGET /api/getUserNetworks [36m304 [0m7.793 ms - -[0m
[0mOPTIONS /api/getUserNetworks [32m200 [0m0.418 ms - 3[0m
[0mGET /api/getUserNetworks [36m304 [0m6.124 ms - -[0m
[0mOPTIONS /api/getUserNetworks [32m200 [0m0.754 ms - 3[0m
[0mGET /api/getUserNetworks [36m304 [0m5.378 ms - -[0m
[0mOPTIONS /api/getUserNetworks [32m200 [0m0.807 ms - 3[0m
[0mGET /api/getUserNetworks [36m304 [0m6.905 ms - -[0m
[0mOPTIONS /api/getUserNetworks [32m200 [0m1.296 ms - 3[0m
[0mGET /api/getUserNetworks [36m304 [0m6.716 ms - -[0m
[0mOPTIONS /api/getUserNetworks [32m200 [0m0.470 ms - 3[0m
[0mGET /api/getUserNetworks [36m304 [0m7.456 ms - -[0m
[0mOPTIONS /api/getUserNetworks [32m200 [0m0.610 ms - 3[0m
[0mGET /api/getUserNetworks [36m304 [0m6.801 ms - -[0m
[0mOPTIONS /api/getUserNetworks [32m200 [0m0.571 ms - 3[0m
[0mGET /api/getUserNetworks [36m304 [0m6.374 ms - -[0m
[0mOPTIONS /api/updateNetwork [32m200 [0m1.062 ms - 4[0m
[0mPOST /api/updateNetwork [32m200 [0m33.515 ms - 52[0m
[0mOPTIONS /api/getUserNetworks [32m200 [0m0.698 ms - 3[0m
[0mGET /api/getUserNetworks [32m200 [0m17.574 ms - 4386[0m
[0mOPTIONS /api/getUserNetworks [32m200 [0m0.461 ms - 3[0m
[0mGET /api/getUserNetworks [36m304 [0m8.944 ms - -[0m
[0mOPTIONS /api/getUserNetworks [32m200 [0m0.565 ms - 3[0m
[0mGET /api/getUserNetworks [36m304 [0m7.176 ms - -[0m
[0mOPTIONS /api/getUserNetworks [32m200 [0m0.438 ms - 3[0m
[0mGET /api/getUserNetworks [36m304 [0m5.140 ms - -[0m
